# JRE version: 7.0_25-b17
# Java VM: Java HotSpot(TM) Client VM (23.25-b01 mixed mode, sharing windows-x86 )
Heap
 def new generation   total 12032K, used 6403K [0x24d70000, 0x25a70000, 0x2a2c0000)
  eden space 10752K,  59% used [0x24d70000, 0x253b0e28, 0x257f0000)
  from space 1280K,   0% used [0x257f0000, 0x257f0000, 0x25930000)
  to   space 1280K,   0% used [0x25930000, 0x25930000, 0x25a70000)
 tenured generation   total 42016K, used 31388K [0x2a2c0000, 0x2cbc8000, 0x34d70000)
   the space 42016K,  74% used [0x2a2c0000, 0x2c167340, 0x2c167400, 0x2cbc8000)
 compacting perm gen  total 12288K, used 1786K [0x34d70000, 0x35970000, 0x38d70000)
   the space 12288K,  14% used [0x34d70000, 0x34f2ea48, 0x34f2ec00, 0x35970000)
    ro space 10240K,  42% used [0x38d70000, 0x391b4240, 0x391b4400, 0x39770000)
    rw space 12288K,  54% used [0x39770000, 0x39df4d58, 0x39df4e00, 0x3a370000)
GC Heap History (6 events):
Event: 0.071 GC heap before
{Heap before GC invocations=0 (full 0):
 def new generation   total 4928K, used 820K [0x24d70000, 0x252c0000, 0x2a2c0000)
  eden space 4416K,  18% used [0x24d70000, 0x24e3d020, 0x251c0000)
  from space 512K,   0% used [0x251c0000, 0x251c0000, 0x25240000)
  to   space 512K,   0% used [0x25240000, 0x25240000, 0x252c0000)
 tenured generation   total 10944K, used 0K [0x2a2c0000, 0x2ad70000, 0x34d70000)
   the space 10944K,   0% used [0x2a2c0000, 0x2a2c0000, 0x2a2c0200, 0x2ad70000)
 compacting perm gen  total 12288K, used 624K [0x34d70000, 0x35970000, 0x38d70000)
   the space 12288K,   5% used [0x34d70000, 0x34e0c288, 0x34e0c400, 0x35970000)
    ro space 10240K,  42% used [0x38d70000, 0x391b4240, 0x391b4400, 0x39770000)
    rw space 12288K,  54% used [0x39770000, 0x39df4d58, 0x39df4e00, 0x3a370000)
Event: 0.079 GC heap after
Heap after GC invocations=1 (full 1):
 def new generation   total 4992K, used 0K [0x24d70000, 0x252d0000, 0x2a2c0000)
  eden space 4480K,   0% used [0x24d70000, 0x24d70000, 0x251d0000)
  from space 512K,   0% used [0x251d0000, 0x251d0000, 0x25250000)
  to   space 512K,   0% used [0x25250000, 0x25250000, 0x252d0000)
 tenured generation   total 10944K, used 322K [0x2a2c0000, 0x2ad70000, 0x34d70000)
   the space 10944K,   2% used [0x2a2c0000, 0x2a310908, 0x2a310a00, 0x2ad70000)
 compacting perm gen  total 12288K, used 624K [0x34d70000, 0x35970000, 0x38d70000)
   the space 12288K,   5% used [0x34d70000, 0x34e0c288, 0x34e0c400, 0x35970000)
    ro space 10240K,  42% used [0x38d70000, 0x391b4240, 0x391b4400, 0x39770000)
    rw space 12288K,  54% used [0x39770000, 0x39df4d58, 0x39df4e00, 0x3a370000)
}
Event: 0.442 GC heap before
{Heap before GC invocations=1 (full 1):
 def new generation   total 4992K, used 4475K [0x24d70000, 0x252d0000, 0x2a2c0000)
  eden space 4480K,  99% used [0x24d70000, 0x251ced30, 0x251d0000)
  from space 512K,   0% used [0x251d0000, 0x251d0000, 0x25250000)
  to   space 512K,   0% used [0x25250000, 0x25250000, 0x252d0000)
 tenured generation   total 26400K, used 15775K [0x2a2c0000, 0x2bc88000, 0x34d70000)
   the space 26400K,  59% used [0x2a2c0000, 0x2b227d98, 0x2b227e00, 0x2bc88000)
 compacting perm gen  total 12288K, used 636K [0x34d70000, 0x35970000, 0x38d70000)
   the space 12288K,   5% used [0x34d70000, 0x34e0f128, 0x34e0f200, 0x35970000)
    ro space 10240K,  42% used [0x38d70000, 0x391b4240, 0x391b4400, 0x39770000)
    rw space 12288K,  54% used [0x39770000, 0x39df4d58, 0x39df4e00, 0x3a370000)
Event: 0.443 GC heap after
Heap after GC invocations=2 (full 1):
 def new generation   total 4992K, used 24K [0x24d70000, 0x252d0000, 0x2a2c0000)
  eden space 4480K,   0% used [0x24d70000, 0x24d70000, 0x251d0000)
  from space 512K,   4% used [0x25250000, 0x252563c8, 0x252d0000)
  to   space 512K,   0% used [0x251d0000, 0x251d0000, 0x25250000)
 tenured generation   total 26400K, used 15775K [0x2a2c0000, 0x2bc88000, 0x34d70000)
   the space 26400K,  59% used [0x2a2c0000, 0x2b227d98, 0x2b227e00, 0x2bc88000)
 compacting perm gen  total 12288K, used 636K [0x34d70000, 0x35970000, 0x38d70000)
   the space 12288K,   5% used [0x34d70000, 0x34e0f128, 0x34e0f200, 0x35970000)
    ro space 10240K,  42% used [0x38d70000, 0x391b4240, 0x391b4400, 0x39770000)
    rw space 12288K,  54% used [0x39770000, 0x39df4d58, 0x39df4e00, 0x3a370000)
}
Event: 0.530 GC heap before
{Heap before GC invocations=2 (full 1):
 def new generation   total 4992K, used 3999K [0x24d70000, 0x252d0000, 0x2a2c0000)
  eden space 4480K,  88% used [0x24d70000, 0x251518b0, 0x251d0000)
  from space 512K,   4% used [0x25250000, 0x252563c8, 0x252d0000)
  to   space 512K,   0% used [0x251d0000, 0x251d0000, 0x25250000)
 tenured generation   total 26400K, used 15775K [0x2a2c0000, 0x2bc88000, 0x34d70000)
   the space 26400K,  59% used [0x2a2c0000, 0x2b227d98, 0x2b227e00, 0x2bc88000)
 compacting perm gen  total 12288K, used 842K [0x34d70000, 0x35970000, 0x38d70000)
   the space 12288K,   6% used [0x34d70000, 0x34e429d8, 0x34e42a00, 0x35970000)
    ro space 10240K,  42% used [0x38d70000, 0x391b4240, 0x391b4400, 0x39770000)
    rw space 12288K,  54% used [0x39770000, 0x39df4d58, 0x39df4e00, 0x3a370000)
Event: 0.538 GC heap after
Heap after GC invocations=3 (full 2):
 def new generation   total 12032K, used 0K [0x24d70000, 0x25a70000, 0x2a2c0000)
  eden space 10752K,   0% used [0x24d70000, 0x24d70000, 0x257f0000)
  from space 1280K,   0% used [0x257f0000, 0x257f0000, 0x25930000)
  to   space 1280K,   0% used [0x25930000, 0x25930000, 0x25a70000)
 tenured generation   total 26560K, used 15935K [0x2a2c0000, 0x2bcb0000, 0x34d70000)
   the space 26560K,  59% used [0x2a2c0000, 0x2b24feb0, 0x2b250000, 0x2bcb0000)
 compacting perm gen  total 12288K, used 842K [0x34d70000, 0x35970000, 0x38d70000)
   the space 12288K,   6% used [0x34d70000, 0x34e429d8, 0x34e42a00, 0x35970000)
    ro space 10240K,  42% used [0x38d70000, 0x391b4240, 0x391b4400, 0x39770000)
    rw space 12288K,  54% used [0x39770000, 0x39df4d58, 0x39df4e00, 0x3a370000)
}

